=== GameOS Log Baslangic: 2026-04-03 13:30:28.742052 ===

[13:30:28.742] [     0ms] [INFO    ] [LOGGER      ] Log sistemi baslatildi
[13:30:41.109] [ 12367ms] [INFO    ] [MAIN        ] === PROCESS YONETIMI & SCHEDULER DEMO ===
[13:30:41.109] [ 12367ms] [INFO    ] [PROCESS_MGR ] Process Manager baslatildi
[13:30:41.109] [ 12368ms] [INFO    ] [PROCESS_MGR ] Process olusturuldu: PID=1, Ad=SuperMario, Tip=GAME, Oncelik=0, Burst=12, Bellek=65536KB
[13:30:41.110] [ 12368ms] [INFO    ] [PROCESS_MGR ] Process olusturuldu: PID=2, Ad=AudioEngine, Tip=AUDIO, Oncelik=1, Burst=6, Bellek=16384KB
[13:30:41.110] [ 12368ms] [INFO    ] [PROCESS_MGR ] Process olusturuldu: PID=3, Ad=OnlineService, Tip=NETWORK, Oncelik=2, Burst=8, Bellek=8192KB
[13:30:41.110] [ 12368ms] [INFO    ] [PROCESS_MGR ] Process olusturuldu: PID=4, Ad=GameUI, Tip=UI, Oncelik=1, Burst=4, Bellek=32768KB
[13:30:41.110] [ 12368ms] [INFO    ] [PROCESS_MGR ] Process olusturuldu: PID=5, Ad=AutoSave, Tip=SAVE, Oncelik=3, Burst=3, Bellek=4096KB
[13:30:41.110] [ 12368ms] [INFO    ] [SCHEDULER   ] Round Robin Scheduler baslatildi | Quantum=3
[13:30:41.110] [ 12368ms] [DEBUG   ] [SCHEDULER   ] PID=1 (SuperMario) kuyruga eklendi
[13:30:41.110] [ 12368ms] [DEBUG   ] [SCHEDULER   ] PID=2 (AudioEngine) kuyruga eklendi
[13:30:41.110] [ 12368ms] [DEBUG   ] [SCHEDULER   ] PID=3 (OnlineService) kuyruga eklendi
[13:30:41.110] [ 12368ms] [DEBUG   ] [SCHEDULER   ] PID=4 (GameUI) kuyruga eklendi
[13:30:41.110] [ 12368ms] [DEBUG   ] [SCHEDULER   ] PID=5 (AutoSave) kuyruga eklendi
[13:30:41.110] [ 12368ms] [INFO    ] [SCHEDULER   ] === Round Robin Scheduling BASLADI ===
[13:30:41.110] [ 12368ms] [INFO    ] [SCHEDULER   ] [T=  0] PID=1 (SuperMario) calistiriliyor | 3 birim | Kalan: 12 -> 9
[13:30:41.110] [ 12368ms] [INFO    ] [SCHEDULER   ] [T=  3] PID=2 (AudioEngine) calistiriliyor | 3 birim | Kalan: 6 -> 3
[13:30:41.110] [ 12368ms] [INFO    ] [SCHEDULER   ] [T=  6] PID=3 (OnlineService) calistiriliyor | 3 birim | Kalan: 8 -> 5
[13:30:41.110] [ 12368ms] [INFO    ] [SCHEDULER   ] [T=  9] PID=4 (GameUI) calistiriliyor | 3 birim | Kalan: 4 -> 1
[13:30:41.110] [ 12369ms] [INFO    ] [SCHEDULER   ] [T= 12] PID=5 (AutoSave) calistiriliyor | 3 birim | Kalan: 3 -> 0
[13:30:41.110] [ 12369ms] [INFO    ] [SCHEDULER   ] [T= 15] PID=5 (AutoSave) TAMAMLANDI | TA=15 | Wait=12
[13:30:41.111] [ 12369ms] [INFO    ] [SCHEDULER   ] [T= 15] PID=1 (SuperMario) calistiriliyor | 3 birim | Kalan: 9 -> 6
[13:30:41.111] [ 12369ms] [INFO    ] [SCHEDULER   ] [T= 18] PID=2 (AudioEngine) calistiriliyor | 3 birim | Kalan: 3 -> 0
[13:30:41.111] [ 12369ms] [INFO    ] [SCHEDULER   ] [T= 21] PID=2 (AudioEngine) TAMAMLANDI | TA=21 | Wait=15
[13:30:41.111] [ 12369ms] [INFO    ] [SCHEDULER   ] [T= 21] PID=3 (OnlineService) calistiriliyor | 3 birim | Kalan: 5 -> 2
[13:30:41.111] [ 12369ms] [INFO    ] [SCHEDULER   ] [T= 24] PID=4 (GameUI) calistiriliyor | 1 birim | Kalan: 1 -> 0
[13:30:41.111] [ 12369ms] [INFO    ] [SCHEDULER   ] [T= 25] PID=4 (GameUI) TAMAMLANDI | TA=25 | Wait=21
[13:30:41.111] [ 12369ms] [INFO    ] [SCHEDULER   ] [T= 25] PID=1 (SuperMario) calistiriliyor | 3 birim | Kalan: 6 -> 3
[13:30:41.111] [ 12369ms] [INFO    ] [SCHEDULER   ] [T= 28] PID=3 (OnlineService) calistiriliyor | 2 birim | Kalan: 2 -> 0
[13:30:41.111] [ 12369ms] [INFO    ] [SCHEDULER   ] [T= 30] PID=3 (OnlineService) TAMAMLANDI | TA=30 | Wait=22
[13:30:41.111] [ 12369ms] [INFO    ] [SCHEDULER   ] [T= 30] PID=1 (SuperMario) calistiriliyor | 3 birim | Kalan: 3 -> 0
[13:30:41.111] [ 12369ms] [INFO    ] [SCHEDULER   ] [T= 33] PID=1 (SuperMario) TAMAMLANDI | TA=33 | Wait=21
[13:30:41.111] [ 12369ms] [INFO    ] [SCHEDULER   ] === Round Robin Scheduling TAMAMLANDI ===
[13:30:41.111] [ 12369ms] [INFO    ] [SCHEDULER   ] Round Robin Scheduler baslatildi | Quantum=3
[13:30:41.111] [ 12369ms] [INFO    ] [SCHEDULER   ] Priority RR Scheduler baslatildi (gelismis)
[13:30:41.111] [ 12370ms] [DEBUG   ] [SCHEDULER   ] PID=1 (SuperMario) kuyruga eklendi
[13:30:41.111] [ 12370ms] [DEBUG   ] [SCHEDULER   ] PID=2 (AudioEngine) kuyruga eklendi
[13:30:41.112] [ 12370ms] [DEBUG   ] [SCHEDULER   ] PID=3 (OnlineService) kuyruga eklendi
[13:30:41.112] [ 12370ms] [DEBUG   ] [SCHEDULER   ] PID=4 (GameUI) kuyruga eklendi
[13:30:41.112] [ 12370ms] [DEBUG   ] [SCHEDULER   ] PID=5 (AutoSave) kuyruga eklendi
[13:30:41.112] [ 12370ms] [INFO    ] [SCHEDULER   ] === Priority RR Scheduling BASLADI ===
[13:30:41.112] [ 12370ms] [INFO    ] [SCHEDULER   ] [T=  0] PID=1 (SuperMario) [P0] | 3 birim
[13:30:41.112] [ 12370ms] [INFO    ] [SCHEDULER   ] [T=  3] PID=1 (SuperMario) [P0] | 3 birim
[13:30:41.112] [ 12370ms] [INFO    ] [SCHEDULER   ] [T=  6] PID=1 (SuperMario) [P0] | 3 birim
[13:30:41.112] [ 12370ms] [INFO    ] [SCHEDULER   ] [T=  9] PID=1 (SuperMario) [P0] | 3 birim
[13:30:41.112] [ 12370ms] [INFO    ] [SCHEDULER   ] [T= 12] PID=1 TAMAMLANDI
[13:30:41.112] [ 12370ms] [INFO    ] [SCHEDULER   ] [T= 12] PID=2 (AudioEngine) [P1] | 3 birim
[13:30:41.112] [ 12370ms] [INFO    ] [SCHEDULER   ] [T= 15] PID=4 (GameUI) [P1] | 3 birim
[13:30:41.112] [ 12370ms] [INFO    ] [SCHEDULER   ] [T= 18] PID=2 (AudioEngine) [P1] | 3 birim
[13:30:41.112] [ 12370ms] [INFO    ] [SCHEDULER   ] [T= 21] PID=2 TAMAMLANDI
[13:30:41.112] [ 12370ms] [INFO    ] [SCHEDULER   ] [T= 21] PID=4 (GameUI) [P1] | 1 birim
[13:30:41.112] [ 12370ms] [INFO    ] [SCHEDULER   ] [T= 22] PID=4 TAMAMLANDI
[13:30:41.112] [ 12370ms] [INFO    ] [SCHEDULER   ] [T= 22] PID=3 (OnlineService) [P2] | 3 birim
[13:30:41.112] [ 12370ms] [INFO    ] [SCHEDULER   ] [T= 25] PID=3 (OnlineService) [P2] | 3 birim
[13:30:41.112] [ 12370ms] [INFO    ] [SCHEDULER   ] [T= 28] PID=3 (OnlineService) [P2] | 2 birim
[13:30:41.112] [ 12370ms] [INFO    ] [SCHEDULER   ] [T= 30] PID=3 TAMAMLANDI
[13:30:41.112] [ 12370ms] [INFO    ] [SCHEDULER   ] [T= 30] PID=5 (AutoSave) [P3] | 3 birim
[13:30:41.112] [ 12370ms] [INFO    ] [SCHEDULER   ] [T= 33] PID=5 TAMAMLANDI
[13:30:41.112] [ 12370ms] [INFO    ] [SCHEDULER   ] === Priority RR Scheduling TAMAMLANDI ===
[13:31:41.675] [ 72933ms] [INFO    ] [MAIN        ] === PROCESS YONETIMI & SCHEDULER DEMO ===
[13:31:41.675] [ 72933ms] [INFO    ] [PROCESS_MGR ] Process Manager baslatildi
[13:31:41.675] [ 72934ms] [INFO    ] [PROCESS_MGR ] Process olusturuldu: PID=1, Ad=SuperMario, Tip=GAME, Oncelik=0, Burst=12, Bellek=65536KB
[13:31:41.676] [ 72934ms] [INFO    ] [PROCESS_MGR ] Process olusturuldu: PID=2, Ad=AudioEngine, Tip=AUDIO, Oncelik=1, Burst=6, Bellek=16384KB
[13:31:41.676] [ 72934ms] [INFO    ] [PROCESS_MGR ] Process olusturuldu: PID=3, Ad=OnlineService, Tip=NETWORK, Oncelik=2, Burst=8, Bellek=8192KB
[13:31:41.676] [ 72934ms] [INFO    ] [PROCESS_MGR ] Process olusturuldu: PID=4, Ad=GameUI, Tip=UI, Oncelik=1, Burst=4, Bellek=32768KB
[13:31:41.676] [ 72934ms] [INFO    ] [PROCESS_MGR ] Process olusturuldu: PID=5, Ad=AutoSave, Tip=SAVE, Oncelik=3, Burst=3, Bellek=4096KB
[13:31:41.676] [ 72934ms] [INFO    ] [SCHEDULER   ] Round Robin Scheduler baslatildi | Quantum=3
[13:31:41.676] [ 72934ms] [DEBUG   ] [SCHEDULER   ] PID=1 (SuperMario) kuyruga eklendi
[13:31:41.676] [ 72934ms] [DEBUG   ] [SCHEDULER   ] PID=2 (AudioEngine) kuyruga eklendi
[13:31:41.676] [ 72934ms] [DEBUG   ] [SCHEDULER   ] PID=3 (OnlineService) kuyruga eklendi
[13:31:41.676] [ 72934ms] [DEBUG   ] [SCHEDULER   ] PID=4 (GameUI) kuyruga eklendi
[13:31:41.676] [ 72934ms] [DEBUG   ] [SCHEDULER   ] PID=5 (AutoSave) kuyruga eklendi
[13:31:41.676] [ 72934ms] [INFO    ] [SCHEDULER   ] === Round Robin Scheduling BASLADI ===
[13:31:41.676] [ 72934ms] [INFO    ] [SCHEDULER   ] [T=  0] PID=1 (SuperMario) calistiriliyor | 3 birim | Kalan: 12 -> 9
[13:31:41.676] [ 72934ms] [INFO    ] [SCHEDULER   ] [T=  3] PID=2 (AudioEngine) calistiriliyor | 3 birim | Kalan: 6 -> 3
[13:31:41.676] [ 72934ms] [INFO    ] [SCHEDULER   ] [T=  6] PID=3 (OnlineService) calistiriliyor | 3 birim | Kalan: 8 -> 5
[13:31:41.676] [ 72935ms] [INFO    ] [SCHEDULER   ] [T=  9] PID=4 (GameUI) calistiriliyor | 3 birim | Kalan: 4 -> 1
[13:31:41.676] [ 72935ms] [INFO    ] [SCHEDULER   ] [T= 12] PID=5 (AutoSave) calistiriliyor | 3 birim | Kalan: 3 -> 0
[13:31:41.677] [ 72935ms] [INFO    ] [SCHEDULER   ] [T= 15] PID=5 (AutoSave) TAMAMLANDI | TA=15 | Wait=12
[13:31:41.677] [ 72935ms] [INFO    ] [SCHEDULER   ] [T= 15] PID=1 (SuperMario) calistiriliyor | 3 birim | Kalan: 9 -> 6
[13:31:41.677] [ 72935ms] [INFO    ] [SCHEDULER   ] [T= 18] PID=2 (AudioEngine) calistiriliyor | 3 birim | Kalan: 3 -> 0
[13:31:41.677] [ 72935ms] [INFO    ] [SCHEDULER   ] [T= 21] PID=2 (AudioEngine) TAMAMLANDI | TA=21 | Wait=15
[13:31:41.677] [ 72935ms] [INFO    ] [SCHEDULER   ] [T= 21] PID=3 (OnlineService) calistiriliyor | 3 birim | Kalan: 5 -> 2
[13:31:41.677] [ 72935ms] [INFO    ] [SCHEDULER   ] [T= 24] PID=4 (GameUI) calistiriliyor | 1 birim | Kalan: 1 -> 0
[13:31:41.677] [ 72935ms] [INFO    ] [SCHEDULER   ] [T= 25] PID=4 (GameUI) TAMAMLANDI | TA=25 | Wait=21
[13:31:41.677] [ 72935ms] [INFO    ] [SCHEDULER   ] [T= 25] PID=1 (SuperMario) calistiriliyor | 3 birim | Kalan: 6 -> 3
[13:31:41.677] [ 72935ms] [INFO    ] [SCHEDULER   ] [T= 28] PID=3 (OnlineService) calistiriliyor | 2 birim | Kalan: 2 -> 0
[13:31:41.677] [ 72935ms] [INFO    ] [SCHEDULER   ] [T= 30] PID=3 (OnlineService) TAMAMLANDI | TA=30 | Wait=22
[13:31:41.677] [ 72935ms] [INFO    ] [SCHEDULER   ] [T= 30] PID=1 (SuperMario) calistiriliyor | 3 birim | Kalan: 3 -> 0
[13:31:41.677] [ 72935ms] [INFO    ] [SCHEDULER   ] [T= 33] PID=1 (SuperMario) TAMAMLANDI | TA=33 | Wait=21
[13:31:41.677] [ 72935ms] [INFO    ] [SCHEDULER   ] === Round Robin Scheduling TAMAMLANDI ===
[13:31:41.677] [ 72936ms] [INFO    ] [SCHEDULER   ] Round Robin Scheduler baslatildi | Quantum=3
[13:31:41.677] [ 72936ms] [INFO    ] [SCHEDULER   ] Priority RR Scheduler baslatildi (gelismis)
[13:31:41.678] [ 72936ms] [DEBUG   ] [SCHEDULER   ] PID=1 (SuperMario) kuyruga eklendi
[13:31:41.678] [ 72936ms] [DEBUG   ] [SCHEDULER   ] PID=2 (AudioEngine) kuyruga eklendi
[13:31:41.678] [ 72936ms] [DEBUG   ] [SCHEDULER   ] PID=3 (OnlineService) kuyruga eklendi
[13:31:41.678] [ 72936ms] [DEBUG   ] [SCHEDULER   ] PID=4 (GameUI) kuyruga eklendi
[13:31:41.678] [ 72936ms] [DEBUG   ] [SCHEDULER   ] PID=5 (AutoSave) kuyruga eklendi
[13:31:41.678] [ 72936ms] [INFO    ] [SCHEDULER   ] === Priority RR Scheduling BASLADI ===
[13:31:41.678] [ 72936ms] [INFO    ] [SCHEDULER   ] [T=  0] PID=1 (SuperMario) [P0] | 3 birim
[13:31:41.678] [ 72936ms] [INFO    ] [SCHEDULER   ] [T=  3] PID=1 (SuperMario) [P0] | 3 birim
[13:31:41.678] [ 72936ms] [INFO    ] [SCHEDULER   ] [T=  6] PID=1 (SuperMario) [P0] | 3 birim
[13:31:41.678] [ 72936ms] [INFO    ] [SCHEDULER   ] [T=  9] PID=1 (SuperMario) [P0] | 3 birim
[13:31:41.678] [ 72936ms] [INFO    ] [SCHEDULER   ] [T= 12] PID=1 TAMAMLANDI
[13:31:41.678] [ 72936ms] [INFO    ] [SCHEDULER   ] [T= 12] PID=2 (AudioEngine) [P1] | 3 birim
[13:31:41.678] [ 72936ms] [INFO    ] [SCHEDULER   ] [T= 15] PID=4 (GameUI) [P1] | 3 birim
[13:31:41.678] [ 72936ms] [INFO    ] [SCHEDULER   ] [T= 18] PID=2 (AudioEngine) [P1] | 3 birim
[13:31:41.678] [ 72936ms] [INFO    ] [SCHEDULER   ] [T= 21] PID=2 TAMAMLANDI
[13:31:41.678] [ 72936ms] [INFO    ] [SCHEDULER   ] [T= 21] PID=4 (GameUI) [P1] | 1 birim
[13:31:41.678] [ 72936ms] [INFO    ] [SCHEDULER   ] [T= 22] PID=4 TAMAMLANDI
[13:31:41.678] [ 72936ms] [INFO    ] [SCHEDULER   ] [T= 22] PID=3 (OnlineService) [P2] | 3 birim
[13:31:41.678] [ 72936ms] [INFO    ] [SCHEDULER   ] [T= 25] PID=3 (OnlineService) [P2] | 3 birim
[13:31:41.678] [ 72936ms] [INFO    ] [SCHEDULER   ] [T= 28] PID=3 (OnlineService) [P2] | 2 birim
[13:31:41.678] [ 72937ms] [INFO    ] [SCHEDULER   ] [T= 30] PID=3 TAMAMLANDI
[13:31:41.678] [ 72937ms] [INFO    ] [SCHEDULER   ] [T= 30] PID=5 (AutoSave) [P3] | 3 birim
[13:31:41.679] [ 72937ms] [INFO    ] [SCHEDULER   ] [T= 33] PID=5 TAMAMLANDI
[13:31:41.679] [ 72937ms] [INFO    ] [SCHEDULER   ] === Priority RR Scheduling TAMAMLANDI ===
[13:31:45.892] [ 77150ms] [INFO    ] [MAIN        ] === PROCESS YONETIMI & SCHEDULER DEMO ===
[13:31:45.892] [ 77150ms] [INFO    ] [PROCESS_MGR ] Process Manager baslatildi
[13:31:45.892] [ 77150ms] [INFO    ] [PROCESS_MGR ] Process olusturuldu: PID=1, Ad=SuperMario, Tip=GAME, Oncelik=0, Burst=12, Bellek=65536KB
[13:31:45.892] [ 77150ms] [INFO    ] [PROCESS_MGR ] Process olusturuldu: PID=2, Ad=AudioEngine, Tip=AUDIO, Oncelik=1, Burst=6, Bellek=16384KB
[13:31:45.892] [ 77150ms] [INFO    ] [PROCESS_MGR ] Process olusturuldu: PID=3, Ad=OnlineService, Tip=NETWORK, Oncelik=2, Burst=8, Bellek=8192KB
[13:31:45.892] [ 77150ms] [INFO    ] [PROCESS_MGR ] Process olusturuldu: PID=4, Ad=GameUI, Tip=UI, Oncelik=1, Burst=4, Bellek=32768KB
[13:31:45.892] [ 77151ms] [INFO    ] [PROCESS_MGR ] Process olusturuldu: PID=5, Ad=AutoSave, Tip=SAVE, Oncelik=3, Burst=3, Bellek=4096KB
[13:31:45.893] [ 77151ms] [INFO    ] [SCHEDULER   ] Round Robin Scheduler baslatildi | Quantum=3
[13:31:45.893] [ 77151ms] [DEBUG   ] [SCHEDULER   ] PID=1 (SuperMario) kuyruga eklendi
[13:31:45.893] [ 77151ms] [DEBUG   ] [SCHEDULER   ] PID=2 (AudioEngine) kuyruga eklendi
[13:31:45.893] [ 77151ms] [DEBUG   ] [SCHEDULER   ] PID=3 (OnlineService) kuyruga eklendi
[13:31:45.893] [ 77151ms] [DEBUG   ] [SCHEDULER   ] PID=4 (GameUI) kuyruga eklendi
[13:31:45.893] [ 77151ms] [DEBUG   ] [SCHEDULER   ] PID=5 (AutoSave) kuyruga eklendi
[13:31:45.893] [ 77151ms] [INFO    ] [SCHEDULER   ] === Round Robin Scheduling BASLADI ===
[13:31:45.893] [ 77151ms] [INFO    ] [SCHEDULER   ] [T=  0] PID=1 (SuperMario) calistiriliyor | 3 birim | Kalan: 12 -> 9
[13:31:45.893] [ 77151ms] [INFO    ] [SCHEDULER   ] [T=  3] PID=2 (AudioEngine) calistiriliyor | 3 birim | Kalan: 6 -> 3
[13:31:45.893] [ 77151ms] [INFO    ] [SCHEDULER   ] [T=  6] PID=3 (OnlineService) calistiriliyor | 3 birim | Kalan: 8 -> 5
[13:31:45.893] [ 77151ms] [INFO    ] [SCHEDULER   ] [T=  9] PID=4 (GameUI) calistiriliyor | 3 birim | Kalan: 4 -> 1
[13:31:45.893] [ 77151ms] [INFO    ] [SCHEDULER   ] [T= 12] PID=5 (AutoSave) calistiriliyor | 3 birim | Kalan: 3 -> 0
[13:31:45.893] [ 77151ms] [INFO    ] [SCHEDULER   ] [T= 15] PID=5 (AutoSave) TAMAMLANDI | TA=15 | Wait=12
[13:31:45.893] [ 77151ms] [INFO    ] [SCHEDULER   ] [T= 15] PID=1 (SuperMario) calistiriliyor | 3 birim | Kalan: 9 -> 6
[13:31:45.893] [ 77152ms] [INFO    ] [SCHEDULER   ] [T= 18] PID=2 (AudioEngine) calistiriliyor | 3 birim | Kalan: 3 -> 0
[13:31:45.893] [ 77152ms] [INFO    ] [SCHEDULER   ] [T= 21] PID=2 (AudioEngine) TAMAMLANDI | TA=21 | Wait=15
[13:31:45.894] [ 77152ms] [INFO    ] [SCHEDULER   ] [T= 21] PID=3 (OnlineService) calistiriliyor | 3 birim | Kalan: 5 -> 2
[13:31:45.894] [ 77152ms] [INFO    ] [SCHEDULER   ] [T= 24] PID=4 (GameUI) calistiriliyor | 1 birim | Kalan: 1 -> 0
[13:31:45.894] [ 77152ms] [INFO    ] [SCHEDULER   ] [T= 25] PID=4 (GameUI) TAMAMLANDI | TA=25 | Wait=21
[13:31:45.894] [ 77152ms] [INFO    ] [SCHEDULER   ] [T= 25] PID=1 (SuperMario) calistiriliyor | 3 birim | Kalan: 6 -> 3
[13:31:45.894] [ 77152ms] [INFO    ] [SCHEDULER   ] [T= 28] PID=3 (OnlineService) calistiriliyor | 2 birim | Kalan: 2 -> 0
[13:31:45.894] [ 77152ms] [INFO    ] [SCHEDULER   ] [T= 30] PID=3 (OnlineService) TAMAMLANDI | TA=30 | Wait=22
[13:31:45.894] [ 77152ms] [INFO    ] [SCHEDULER   ] [T= 30] PID=1 (SuperMario) calistiriliyor | 3 birim | Kalan: 3 -> 0
[13:31:45.894] [ 77152ms] [INFO    ] [SCHEDULER   ] [T= 33] PID=1 (SuperMario) TAMAMLANDI | TA=33 | Wait=21
[13:31:45.894] [ 77152ms] [INFO    ] [SCHEDULER   ] === Round Robin Scheduling TAMAMLANDI ===
[13:31:45.894] [ 77152ms] [INFO    ] [SCHEDULER   ] Round Robin Scheduler baslatildi | Quantum=3
[13:31:45.894] [ 77152ms] [INFO    ] [SCHEDULER   ] Priority RR Scheduler baslatildi (gelismis)
[13:31:45.894] [ 77152ms] [DEBUG   ] [SCHEDULER   ] PID=1 (SuperMario) kuyruga eklendi
[13:31:45.895] [ 77153ms] [DEBUG   ] [SCHEDULER   ] PID=2 (AudioEngine) kuyruga eklendi
[13:31:45.895] [ 77153ms] [DEBUG   ] [SCHEDULER   ] PID=3 (OnlineService) kuyruga eklendi
[13:31:45.895] [ 77153ms] [DEBUG   ] [SCHEDULER   ] PID=4 (GameUI) kuyruga eklendi
[13:31:45.895] [ 77153ms] [DEBUG   ] [SCHEDULER   ] PID=5 (AutoSave) kuyruga eklendi
[13:31:45.895] [ 77153ms] [INFO    ] [SCHEDULER   ] === Priority RR Scheduling BASLADI ===
[13:31:45.895] [ 77153ms] [INFO    ] [SCHEDULER   ] [T=  0] PID=1 (SuperMario) [P0] | 3 birim
[13:31:45.895] [ 77153ms] [INFO    ] [SCHEDULER   ] [T=  3] PID=1 (SuperMario) [P0] | 3 birim
[13:31:45.895] [ 77153ms] [INFO    ] [SCHEDULER   ] [T=  6] PID=1 (SuperMario) [P0] | 3 birim
[13:31:45.895] [ 77153ms] [INFO    ] [SCHEDULER   ] [T=  9] PID=1 (SuperMario) [P0] | 3 birim
[13:31:45.895] [ 77153ms] [INFO    ] [SCHEDULER   ] [T= 12] PID=1 TAMAMLANDI
[13:31:45.895] [ 77153ms] [INFO    ] [SCHEDULER   ] [T= 12] PID=2 (AudioEngine) [P1] | 3 birim
[13:31:45.895] [ 77153ms] [INFO    ] [SCHEDULER   ] [T= 15] PID=4 (GameUI) [P1] | 3 birim
[13:31:45.895] [ 77153ms] [INFO    ] [SCHEDULER   ] [T= 18] PID=2 (AudioEngine) [P1] | 3 birim
[13:31:45.895] [ 77153ms] [INFO    ] [SCHEDULER   ] [T= 21] PID=2 TAMAMLANDI
[13:31:45.895] [ 77153ms] [INFO    ] [SCHEDULER   ] [T= 21] PID=4 (GameUI) [P1] | 1 birim
[13:31:45.895] [ 77153ms] [INFO    ] [SCHEDULER   ] [T= 22] PID=4 TAMAMLANDI
[13:31:45.895] [ 77153ms] [INFO    ] [SCHEDULER   ] [T= 22] PID=3 (OnlineService) [P2] | 3 birim
[13:31:45.895] [ 77154ms] [INFO    ] [SCHEDULER   ] [T= 25] PID=3 (OnlineService) [P2] | 3 birim
[13:31:45.895] [ 77154ms] [INFO    ] [SCHEDULER   ] [T= 28] PID=3 (OnlineService) [P2] | 2 birim
[13:31:45.896] [ 77154ms] [INFO    ] [SCHEDULER   ] [T= 30] PID=3 TAMAMLANDI
[13:31:45.896] [ 77154ms] [INFO    ] [SCHEDULER   ] [T= 30] PID=5 (AutoSave) [P3] | 3 birim
[13:31:45.896] [ 77154ms] [INFO    ] [SCHEDULER   ] [T= 33] PID=5 TAMAMLANDI
[13:31:45.896] [ 77154ms] [INFO    ] [SCHEDULER   ] === Priority RR Scheduling TAMAMLANDI ===
